INFO:scholarly:Getting https://scholar.google.com/citations?hl=en&view_op=search_authors&mauthors=C.%20Grace%20Haaf
INFO:scholarly:Session proxy config is {}
INFO:scholarly:Found 1 authors
INFO:scholarly:Getting https://scholar.google.com/citations?hl=en&view_op=search_authors&mauthors=C.%20Grace%20Haaf
INFO:scholarly:Session proxy config is {}
INFO:scholarly:Found 1 authors
INFO:scholarly:Getting https://scholar.google.com/citations?hl=en&user=OG1A914AAAAJ&pagesize=100
INFO:scholarly:Session proxy config is {}
INFO:scholarly:Getting https://scholar.google.com/citations?hl=en&user=OG1A914AAAAJ&pagesize=100
INFO:scholarly:Session proxy config is {}
INFO:scholarly:Getting https://scholar.google.com/citations?hl=en&user=OG1A914AAAAJ&pagesize=100
INFO:scholarly:Session proxy config is {}
INFO:scholarly:Getting https://scholar.google.com/citations?hl=en&user=OG1A914AAAAJ&pagesize=100
INFO:scholarly:Session proxy config is {}
INFO:scholarly:Getting https://scholar.google.com/citations?hl=en&user=OG1A914AAAAJ&pagesize=100
INFO:scholarly:Session proxy config is {}
INFO:scholarly:Getting https://scholar.google.com/citations?hl=en&user=OG1A914AAAAJ&pagesize=100
INFO:scholarly:Session proxy config is {}
INFO:scholarly:No more author pages
INFO:scholarly:Getting https://scholar.google.com/citations?hl=en&view_op=search_authors&mauthors=C.%20Grace%20Haaf
INFO:scholarly:Session proxy config is {}
INFO:scholarly:Found 1 authors
INFO:scholarly:Getting https://scholar.google.com/citations?hl=en&user=OG1A914AAAAJ&pagesize=100
INFO:scholarly:Session proxy config is {}
INFO:scholarly:Getting https://scholar.google.com/citations?hl=en&view_op=search_authors&mauthors=C.%20Grace%20Haaf
INFO:scholarly:Session proxy config is {}
INFO:scholarly:Found 1 authors
INFO:scholarly:Getting https://scholar.google.com/citations?hl=en&user=OG1A914AAAAJ&pagesize=100
INFO:scholarly:Session proxy config is {}
INFO:scholarly:Getting https://scholar.google.com/citations?hl=en&view_op=search_authors&mauthors=C.%20Grace%20Haaf
INFO:scholarly:Session proxy config is {}
INFO:scholarly:Found 1 authors
INFO:scholarly:Getting https://scholar.google.com/citations?hl=en&user=OG1A914AAAAJ&pagesize=100
INFO:scholarly:Session proxy config is {}
INFO:scholarly:Getting https://scholar.google.com/citations?hl=en&user=OG1A914AAAAJ&pagesize=100
INFO:scholarly:Session proxy config is {}
INFO:scholarly:Getting https://scholar.google.com/citations?hl=en&user=OG1A914AAAAJ&pagesize=100
INFO:scholarly:Session proxy config is {}
INFO:scholarly:Getting https://scholar.google.com/citations?hl=en&user=OG1A914AAAAJ&pagesize=100
INFO:scholarly:Session proxy config is {}
INFO:scholarly:Getting https://scholar.google.com/citations?hl=en&view_op=search_authors&mauthors=C.%20Grace%20Haaf
INFO:scholarly:Session proxy config is {}
INFO:scholarly:Found 1 authors
INFO:scholarly:Getting https://scholar.google.com/citations?hl=en&view_op=search_authors&mauthors=C.%20Grace%20Haaf
INFO:scholarly:Session proxy config is {}
INFO:scholarly:Found 1 authors
INFO:scholarly:Getting https://scholar.google.com/citations?hl=en&user=OG1A914AAAAJ&pagesize=100
INFO:scholarly:Session proxy config is {}
INFO:scholarly:Getting https://scholar.google.com/citations?hl=en&view_op=search_authors&mauthors=C.%20Grace%20Haaf
INFO:scholarly:Session proxy config is {}
INFO:scholarly:Found 1 authors
INFO:scholarly:Getting https://scholar.google.com/citations?hl=en&user=OG1A914AAAAJ&pagesize=100
INFO:scholarly:Session proxy config is {}
INFO:scholarly:Getting https://scholar.google.com/citations?hl=en&view_op=view_citation&citation_for_view=OG1A914AAAAJ:u5HHmVD_uO8C
INFO:scholarly:Session proxy config is {}
INFO:scholarly:Getting https://scholar.google.com/scholar?cites=7979073078675756781
INFO:scholarly:Session proxy config is {}
INFO:scholarly:Got a captcha request.
INFO:scholarly:Exception WebDriverException while fetching page: ("'geckodriver' executable needs to be in PATH. ",)
INFO:scholarly:Retrying with a new session.
INFO:scholarly:Session proxy config is {}
INFO:scholarly:Got a captcha request.
INFO:scholarly:Exception WebDriverException while fetching page: ("'geckodriver' executable needs to be in PATH. ",)
INFO:scholarly:Retrying with a new session.
INFO:scholarly:Session proxy config is {}
INFO:scholarly:Got a captcha request.
INFO:scholarly:Exception WebDriverException while fetching page: ("'geckodriver' executable needs to be in PATH. ",)
INFO:scholarly:Retrying with a new session.
INFO:scholarly:Session proxy config is {}
INFO:scholarly:Got a captcha request.
INFO:scholarly:Exception WebDriverException while fetching page: ("'geckodriver' executable needs to be in PATH. ",)
INFO:scholarly:Retrying with a new session.
INFO:scholarly:Session proxy config is {}
INFO:scholarly:Got a captcha request.
INFO:scholarly:Exception WebDriverException while fetching page: ("'geckodriver' executable needs to be in PATH. ",)
INFO:scholarly:Retrying with a new session.
INFO:scholarly:Getting https://scholar.google.com/citations?hl=en&view_op=view_citation&citation_for_view=OG1A914AAAAJ:u5HHmVD_uO8C
INFO:scholarly:Session proxy config is {}
INFO:scholarly:Getting https://scholar.google.com/scholar?cites=7979073078675756781
INFO:scholarly:Session proxy config is {}
INFO:scholarly:Got a captcha request.
INFO:scholarly:Exception WebDriverException while fetching page: ("'geckodriver' executable needs to be in PATH. ",)
INFO:scholarly:Retrying with a new session.
INFO:scholarly:Session proxy config is {}
INFO:scholarly:Got a captcha request.
INFO:scholarly:Exception WebDriverException while fetching page: ("'geckodriver' executable needs to be in PATH. ",)
INFO:scholarly:Retrying with a new session.
INFO:scholarly:Session proxy config is {}
INFO:scholarly:Got a captcha request.
INFO:scholarly:Exception WebDriverException while fetching page: ("'geckodriver' executable needs to be in PATH. ",)
INFO:scholarly:Retrying with a new session.
INFO:scholarly:Session proxy config is {}
INFO:scholarly:Got a captcha request.
INFO:scholarly:Exception WebDriverException while fetching page: ("'geckodriver' executable needs to be in PATH. ",)
INFO:scholarly:Retrying with a new session.
INFO:scholarly:Session proxy config is {}
INFO:scholarly:Got a captcha request.
INFO:scholarly:Exception WebDriverException while fetching page: ("'geckodriver' executable needs to be in PATH. ",)
INFO:scholarly:Retrying with a new session.
INFO:scholarly:Getting https://scholar.google.com/citations?hl=en&view_op=search_authors&mauthors=C.%20Grace%20Haaf
INFO:scholarly:Session proxy config is {}
INFO:scholarly:Found 1 authors
INFO:scholarly:Getting https://scholar.google.com/citations?hl=en&view_op=search_authors&mauthors=C.%20Grace%20Haaf
INFO:scholarly:Session proxy config is {}
INFO:scholarly:Found 1 authors
INFO:scholarly:Getting https://scholar.google.com/citations?hl=en&user=OG1A914AAAAJ&pagesize=100
INFO:scholarly:Session proxy config is {}
INFO:scholarly:Getting https://scholar.google.com/citations?hl=en&view_op=search_authors&mauthors=H.%20Jaap%20van%20den%20Herik
INFO:scholarly:Session proxy config is {}
INFO:scholarly:Found 0 authors
INFO:scholarly:No more author pages
INFO:scholarly:Getting https://scholar.google.com/citations?hl=en&view_op=search_authors&mauthors=C.%20Grace%20Haaf
INFO:scholarly:Session proxy config is {}
INFO:scholarly:Found 1 authors
INFO:scholarly:Getting https://scholar.google.com/citations?hl=en&user=OG1A914AAAAJ&pagesize=100
INFO:scholarly:Session proxy config is {}
INFO:scholarly:Getting https://scholar.google.com/citations?hl=en&view_op=search_authors&mauthors=C.%20Grace%20Haaf
INFO:scholarly:Session proxy config is {}
INFO:scholarly:Found 1 authors
INFO:scholarly:Getting https://scholar.google.com/citations?hl=en&user=OG1A914AAAAJ&pagesize=100
INFO:scholarly:Session proxy config is {}
INFO:scholarly:Getting https://scholar.google.com/citations?hl=en&view_op=search_authors&mauthors=C.%20Grace%20Haaf
INFO:scholarly:Session proxy config is {}
INFO:scholarly:Found 1 authors
INFO:scholarly:Getting https://scholar.google.com/citations?hl=en&user=OG1A914AAAAJ&pagesize=100
INFO:scholarly:Session proxy config is {}
INFO:scholarly:Getting https://scholar.google.com/citations?hl=en&view_op=search_authors&mauthors=C.%20Grace%20Haaf
INFO:scholarly:Session proxy config is {}
INFO:scholarly:Found 1 authors
INFO:scholarly:Getting https://scholar.google.com/citations?hl=en&user=OG1A914AAAAJ&pagesize=100
INFO:scholarly:Session proxy config is {}
INFO:scholarly:Getting https://scholar.google.com/citations?hl=en&view_op=search_authors&mauthors=C.%20Grace%20Haaf
INFO:scholarly:Session proxy config is {}
INFO:scholarly:Found 1 authors
INFO:scholarly:Getting https://scholar.google.com/citations?hl=en&user=OG1A914AAAAJ&pagesize=100
INFO:scholarly:Session proxy config is {}
INFO:scholarly:Getting https://scholar.google.com/citations?hl=en&view_op=search_authors&mauthors=C.%20Grace%20Haaf
INFO:scholarly:Session proxy config is {}
INFO:scholarly:Found 1 authors
INFO:scholarly:Getting https://scholar.google.com/citations?hl=en&user=OG1A914AAAAJ&pagesize=100
INFO:scholarly:Session proxy config is {}
INFO:scholarly:Getting https://scholar.google.com/citations?hl=en&view_op=search_authors&mauthors=C.%20Grace%20Haaf
INFO:scholarly:Session proxy config is {}
INFO:scholarly:Found 1 authors
INFO:scholarly:Getting https://scholar.google.com/citations?hl=en&user=OG1A914AAAAJ&pagesize=100
INFO:scholarly:Session proxy config is {}
INFO:scholarly:Getting https://scholar.google.com/citations?hl=en&view_op=search_authors&mauthors=C.%20Grace%20Haaf
INFO:scholarly:Session proxy config is {}
INFO:scholarly:Found 1 authors
INFO:scholarly:Getting https://scholar.google.com/citations?hl=en&user=OG1A914AAAAJ&pagesize=100
INFO:scholarly:Session proxy config is {}
INFO:scholarly:Getting https://scholar.google.com/citations?hl=en&view_op=search_authors&mauthors=C.%20Grace%20Haaf
INFO:scholarly:Session proxy config is {}
INFO:scholarly:Found 1 authors
INFO:scholarly:Getting https://scholar.google.com/citations?hl=en&user=OG1A914AAAAJ&pagesize=100
INFO:scholarly:Session proxy config is {}
INFO:scholarly:Getting https://scholar.google.com/citations?hl=en&view_op=search_authors&mauthors=C.%20Grace%20Haaf
INFO:scholarly:Session proxy config is {}
INFO:scholarly:Found 1 authors
INFO:scholarly:Getting https://scholar.google.com/citations?hl=en&user=OG1A914AAAAJ&pagesize=100
INFO:scholarly:Session proxy config is {}
INFO:scholarly:Getting https://scholar.google.com/citations?hl=en&view_op=search_authors&mauthors=C.%20Grace%20Haaf
INFO:scholarly:Session proxy config is {}
INFO:scholarly:Found 1 authors
INFO:scholarly:Getting https://scholar.google.com/citations?hl=en&user=OG1A914AAAAJ&pagesize=100
INFO:scholarly:Session proxy config is {}
INFO:scholarly:Getting https://scholar.google.com/citations?hl=en&view_op=search_authors&mauthors=C.%20Grace%20Haaf
INFO:scholarly:Session proxy config is {}
INFO:scholarly:Found 1 authors
INFO:scholarly:Getting https://scholar.google.com/citations?hl=en&user=OG1A914AAAAJ&pagesize=100
INFO:scholarly:Session proxy config is {}
INFO:scholarly:Getting https://scholar.google.com/citations?hl=en&view_op=search_authors&mauthors=C.%20Grace%20Haaf
INFO:scholarly:Session proxy config is {}
INFO:scholarly:Found 1 authors
INFO:scholarly:Getting https://scholar.google.com/citations?hl=en&user=OG1A914AAAAJ&pagesize=100
INFO:scholarly:Session proxy config is {}
INFO:scholarly:Getting https://scholar.google.com/citations?hl=en&view_op=search_authors&mauthors=C.%20Grace%20Haaf
INFO:scholarly:Session proxy config is {}
INFO:scholarly:Found 1 authors
INFO:scholarly:Getting https://scholar.google.com/citations?hl=en&user=OG1A914AAAAJ&pagesize=100
INFO:scholarly:Session proxy config is {}
INFO:scholarly:Getting https://scholar.google.com/citations?hl=en&view_op=search_authors&mauthors=C.%20Grace%20Haaf
INFO:scholarly:Session proxy config is {}
INFO:scholarly:Found 1 authors
INFO:scholarly:Getting https://scholar.google.com/citations?hl=en&user=OG1A914AAAAJ&pagesize=100
INFO:scholarly:Session proxy config is {}
INFO:scholarly:Getting https://scholar.google.com/citations?hl=en&view_op=search_authors&mauthors=C.%20Grace%20Haaf
INFO:scholarly:Session proxy config is {}
INFO:scholarly:Found 1 authors
INFO:scholarly:Getting https://scholar.google.com/citations?hl=en&user=OG1A914AAAAJ&pagesize=100
INFO:scholarly:Session proxy config is {}
INFO:scholarly:Getting https://scholar.google.com/citations?hl=en&view_op=search_authors&mauthors=C.%20Grace%20Haaf
INFO:scholarly:Session proxy config is {}
INFO:scholarly:Found 1 authors
INFO:scholarly:Getting https://scholar.google.com/citations?hl=en&user=OG1A914AAAAJ&pagesize=100
INFO:scholarly:Session proxy config is {}
INFO:scholarly:Getting https://scholar.google.com/citations?hl=en&view_op=search_authors&mauthors=C.%20Grace%20Haaf
INFO:scholarly:Session proxy config is {}
INFO:scholarly:Found 1 authors
INFO:scholarly:Getting https://scholar.google.com/citations?hl=en&user=OG1A914AAAAJ&pagesize=100
INFO:scholarly:Session proxy config is {}
INFO:scholarly:Getting https://scholar.google.com/citations?hl=en&view_op=search_authors&mauthors=C.%20Grace%20Haaf
INFO:scholarly:Session proxy config is {}
INFO:scholarly:Found 1 authors
INFO:scholarly:Getting https://scholar.google.com/citations?hl=en&user=OG1A914AAAAJ&pagesize=100
INFO:scholarly:Session proxy config is {}
INFO:scholarly:Getting https://scholar.google.com/citations?hl=en&view_op=search_authors&mauthors=C.%20Grace%20Haaf
INFO:scholarly:Session proxy config is {}
INFO:scholarly:Found 1 authors
INFO:scholarly:Getting https://scholar.google.com/citations?hl=en&user=OG1A914AAAAJ&pagesize=100
INFO:scholarly:Session proxy config is {}
INFO:scholarly:Getting https://scholar.google.com/citations?hl=en&view_op=search_authors&mauthors=H.%20Jaap%20van%20den%20Herik
INFO:scholarly:Session proxy config is {}
INFO:scholarly:Found 0 authors
INFO:scholarly:No more author pages
INFO:scholarly:Proxy http://161.202.226.194:8123 does not seem to work.
INFO:scholarly:Proxy works!
INFO:scholarly:Enabling proxies: http=http://216.250.236.11:3128 https=http://216.250.236.11:3128
INFO:scholarly:Getting https://scholar.google.com/citations?hl=en&view_op=search_authors&mauthors=H.%20Jaap%20van%20den%20Herik
INFO:scholarly:Session proxy config is {'http': 'http://216.250.236.11:3128', 'https': 'http://216.250.236.11:3128'}
INFO:scholarly:Got a captcha request.
INFO:scholarly:Exception WebDriverException while fetching page: ("'geckodriver' executable needs to be in PATH. ",)
INFO:scholarly:Retrying with a new session.
INFO:scholarly:Session proxy config is {'http': 'http://216.250.236.11:3128', 'https': 'http://216.250.236.11:3128'}
INFO:scholarly:Got a captcha request.
INFO:scholarly:Exception WebDriverException while fetching page: ("'geckodriver' executable needs to be in PATH. ",)
INFO:scholarly:Retrying with a new session.
INFO:scholarly:Session proxy config is {'http': 'http://216.250.236.11:3128', 'https': 'http://216.250.236.11:3128'}
INFO:scholarly:Got a captcha request.
INFO:scholarly:Exception WebDriverException while fetching page: ("'geckodriver' executable needs to be in PATH. ",)
INFO:scholarly:Retrying with a new session.
INFO:scholarly:Session proxy config is {'http': 'http://216.250.236.11:3128', 'https': 'http://216.250.236.11:3128'}
INFO:scholarly:Got a captcha request.
INFO:scholarly:Exception WebDriverException while fetching page: ("'geckodriver' executable needs to be in PATH. ",)
INFO:scholarly:Retrying with a new session.
INFO:scholarly:Session proxy config is {'http': 'http://216.250.236.11:3128', 'https': 'http://216.250.236.11:3128'}
INFO:scholarly:Got a captcha request.
INFO:scholarly:Exception WebDriverException while fetching page: ("'geckodriver' executable needs to be in PATH. ",)
INFO:scholarly:Retrying with a new session.
INFO:scholarly:Getting https://scholar.google.com/citations?hl=en&view_op=search_authors&mauthors=H.%20Jaap%20van%20den%20Herik
INFO:scholarly:Session proxy config is {'http': 'http://216.250.236.11:3128', 'https': 'http://216.250.236.11:3128'}
INFO:scholarly:Got a captcha request.
INFO:scholarly:Exception WebDriverException while fetching page: ("'geckodriver' executable needs to be in PATH. ",)
INFO:scholarly:Retrying with a new session.
INFO:scholarly:Session proxy config is {'http': 'http://216.250.236.11:3128', 'https': 'http://216.250.236.11:3128'}
INFO:scholarly:Got a captcha request.
INFO:scholarly:Exception WebDriverException while fetching page: ("'geckodriver' executable needs to be in PATH. ",)
INFO:scholarly:Retrying with a new session.
INFO:scholarly:Session proxy config is {'http': 'http://216.250.236.11:3128', 'https': 'http://216.250.236.11:3128'}
INFO:scholarly:Got a captcha request.
INFO:scholarly:Exception WebDriverException while fetching page: ("'geckodriver' executable needs to be in PATH. ",)
INFO:scholarly:Retrying with a new session.
INFO:scholarly:Session proxy config is {'http': 'http://216.250.236.11:3128', 'https': 'http://216.250.236.11:3128'}
INFO:scholarly:Got a captcha request.
INFO:scholarly:Exception WebDriverException while fetching page: ("'geckodriver' executable needs to be in PATH. ",)
INFO:scholarly:Retrying with a new session.
INFO:scholarly:Session proxy config is {'http': 'http://216.250.236.11:3128', 'https': 'http://216.250.236.11:3128'}
INFO:scholarly:Got a captcha request.
INFO:scholarly:Exception WebDriverException while fetching page: ("'geckodriver' executable needs to be in PATH. ",)
INFO:scholarly:Retrying with a new session.
INFO:scholarly:Getting https://scholar.google.com/citations?hl=en&view_op=search_authors&mauthors=H.%20Jaap%20van%20den%20Herik
INFO:scholarly:Session proxy config is {'http': 'http://216.250.236.11:3128', 'https': 'http://216.250.236.11:3128'}
INFO:scholarly:Got a captcha request.
INFO:scholarly:Exception WebDriverException while fetching page: ("'geckodriver' executable needs to be in PATH. ",)
INFO:scholarly:Retrying with a new session.
INFO:scholarly:Session proxy config is {'http': 'http://216.250.236.11:3128', 'https': 'http://216.250.236.11:3128'}
INFO:scholarly:Got a captcha request.
INFO:scholarly:Exception WebDriverException while fetching page: ("'geckodriver' executable needs to be in PATH. ",)
INFO:scholarly:Retrying with a new session.
INFO:scholarly:Session proxy config is {'http': 'http://216.250.236.11:3128', 'https': 'http://216.250.236.11:3128'}
INFO:scholarly:Got a captcha request.
INFO:scholarly:Exception WebDriverException while fetching page: ("'geckodriver' executable needs to be in PATH. ",)
INFO:scholarly:Retrying with a new session.
INFO:scholarly:Session proxy config is {'http': 'http://216.250.236.11:3128', 'https': 'http://216.250.236.11:3128'}
INFO:scholarly:Got a captcha request.
INFO:scholarly:Exception WebDriverException while fetching page: ("'geckodriver' executable needs to be in PATH. ",)
INFO:scholarly:Retrying with a new session.
INFO:scholarly:Session proxy config is {'http': 'http://216.250.236.11:3128', 'https': 'http://216.250.236.11:3128'}
INFO:scholarly:Got a captcha request.
INFO:scholarly:Exception WebDriverException while fetching page: ("'geckodriver' executable needs to be in PATH. ",)
INFO:scholarly:Retrying with a new session.
INFO:scholarly:Getting https://scholar.google.com/citations?hl=en&view_op=search_authors&mauthors=C.%20Grace%20Haaf
INFO:scholarly:Session proxy config is {'http': 'http://216.250.236.11:3128', 'https': 'http://216.250.236.11:3128'}
INFO:scholarly:Got a captcha request.
INFO:scholarly:Exception WebDriverException while fetching page: ("'geckodriver' executable needs to be in PATH. ",)
INFO:scholarly:Retrying with a new session.
INFO:scholarly:Session proxy config is {'http': 'http://216.250.236.11:3128', 'https': 'http://216.250.236.11:3128'}
INFO:scholarly:Got a captcha request.
INFO:scholarly:Exception WebDriverException while fetching page: ("'geckodriver' executable needs to be in PATH. ",)
INFO:scholarly:Retrying with a new session.
INFO:scholarly:Session proxy config is {'http': 'http://216.250.236.11:3128', 'https': 'http://216.250.236.11:3128'}
INFO:scholarly:Got a captcha request.
INFO:scholarly:Exception WebDriverException while fetching page: ("'geckodriver' executable needs to be in PATH. ",)
INFO:scholarly:Retrying with a new session.
INFO:scholarly:Session proxy config is {'http': 'http://216.250.236.11:3128', 'https': 'http://216.250.236.11:3128'}
INFO:scholarly:Got a captcha request.
INFO:scholarly:Exception WebDriverException while fetching page: ("'geckodriver' executable needs to be in PATH. ",)
INFO:scholarly:Retrying with a new session.
INFO:scholarly:Session proxy config is {'http': 'http://216.250.236.11:3128', 'https': 'http://216.250.236.11:3128'}
INFO:scholarly:Got a captcha request.
INFO:scholarly:Exception WebDriverException while fetching page: ("'geckodriver' executable needs to be in PATH. ",)
INFO:scholarly:Retrying with a new session.
INFO:scholarly:Proxy http://161.202.226.194:8123 does not seem to work.
INFO:scholarly:Proxy http://161.202.226.194:8123 does not seem to work.
INFO:scholarly:Proxy http://161.202.226.194:8123 does not seem to work.
INFO:scholarly:Getting https://scholar.google.com/citations?hl=en&view_op=search_authors&mauthors=C.%20Grace%20Haaf
INFO:scholarly:Session proxy config is {}
INFO:scholarly:Found 1 authors
INFO:scholarly:Getting https://scholar.google.com/citations?hl=en&user=OG1A914AAAAJ&pagesize=100
INFO:scholarly:Session proxy config is {}
INFO:scholarly:Getting https://scholar.google.com/citations?hl=en&view_op=search_authors&mauthors=H.%20Jaap%20van%20den%20Herik
INFO:scholarly:Session proxy config is {}
INFO:scholarly:Found 0 authors
INFO:scholarly:No more author pages
INFO:scholarly:Getting https://scholar.google.com/citations?hl=en&view_op=search_authors&mauthors=Hirotaka%20Osawa
INFO:scholarly:Session proxy config is {}
INFO:scholarly:Found 1 authors
INFO:scholarly:Getting https://scholar.google.com/citations?hl=en&user=HpypdTcAAAAJ&pagesize=100
INFO:scholarly:Session proxy config is {}
INFO:scholarly:Getting https://scholar.google.com/citations?hl=en&view_op=search_authors&mauthors=Timothy%20Revell
INFO:scholarly:Session proxy config is {}
INFO:scholarly:Found 0 authors
INFO:scholarly:No more author pages
INFO:scholarly:Getting https://scholar.google.com/citations?hl=en&view_op=search_authors&mauthors=Timothy%20Revell
INFO:scholarly:Session proxy config is {}
INFO:scholarly:Found 0 authors
INFO:scholarly:No more author pages
INFO:scholarly:Getting https://scholar.google.com/citations?hl=en&view_op=search_authors&mauthors=Michael%20Johanson
INFO:scholarly:Session proxy config is {}
INFO:scholarly:Found 3 authors
INFO:scholarly:Getting https://scholar.google.com/citations?hl=en&user=juo8LFQAAAAJ&pagesize=100
INFO:scholarly:Session proxy config is {}
INFO:scholarly:Getting https://scholar.google.com/citations?hl=en&view_op=search_authors&mauthors=Max%20Kramer
INFO:scholarly:Session proxy config is {}
INFO:scholarly:Found 5 authors
INFO:scholarly:Getting https://scholar.google.com/citations?hl=en&user=4EGKVD0AAAAJ&pagesize=100
INFO:scholarly:Session proxy config is {}
INFO:scholarly:Getting https://scholar.google.com/citations?hl=en&view_op=search_authors&mauthors=Sam%20Ganzfried
INFO:scholarly:Session proxy config is {}
INFO:scholarly:Found 1 authors
INFO:scholarly:Getting https://scholar.google.com/citations?hl=en&user=gnw1BGkAAAAJ&pagesize=100
INFO:scholarly:Session proxy config is {}
INFO:scholarly:Getting https://scholar.google.com/citations?hl=en&view_op=search_authors&mauthors=Timothy%20Revell
INFO:scholarly:Session proxy config is {}
INFO:scholarly:Found 0 authors
INFO:scholarly:No more author pages
INFO:scholarly:Getting https://scholar.google.com/citations?hl=en&view_op=search_authors&mauthors=Jeremy%20J.%20Michalek
INFO:scholarly:Session proxy config is {}
INFO:scholarly:Found 1 authors
INFO:scholarly:Getting https://scholar.google.com/citations?hl=en&user=92jyX2EAAAAJ&pagesize=100
INFO:scholarly:Session proxy config is {}
INFO:scholarly:Getting https://scholar.google.com/citations?hl=en&view_op=search_authors&mauthors=Hirotaka%20Osawa
INFO:scholarly:Session proxy config is {}
INFO:scholarly:Found 1 authors
INFO:scholarly:Getting https://scholar.google.com/citations?hl=en&user=HpypdTcAAAAJ&pagesize=100
INFO:scholarly:Session proxy config is {}
INFO:scholarly:Getting https://scholar.google.com/citations?hl=en&view_op=search_authors&mauthors=Jeremy%20J.%20Michalek
INFO:scholarly:Session proxy config is {}
INFO:scholarly:Found 1 authors
INFO:scholarly:Getting https://scholar.google.com/citations?hl=en&user=92jyX2EAAAAJ&pagesize=100
INFO:scholarly:Session proxy config is {}
INFO:scholarly:Getting https://scholar.google.com/citations?hl=en&view_op=search_authors&mauthors=William%20Ross%20Morrow
INFO:scholarly:Session proxy config is {}
INFO:scholarly:Found 1 authors
INFO:scholarly:Getting https://scholar.google.com/citations?hl=en&user=J7GJsUAAAAAJ&pagesize=100
INFO:scholarly:Session proxy config is {}
INFO:scholarly:Getting https://scholar.google.com/citations?hl=en&view_op=search_authors&mauthors=Tuomas%20Sandholm
INFO:scholarly:Session proxy config is {}
INFO:scholarly:Found 1 authors
INFO:scholarly:Getting https://scholar.google.com/citations?hl=en&user=0DpK1EMAAAAJ&pagesize=100
INFO:scholarly:Session proxy config is {}
INFO:scholarly:No more author pages
